[[32m  OK  [0m] Started Show Plymouth Boot Screen.
[[32m  OK  [0m] Reached target Paths.
[[32m  OK  [0m] Started Forward Password Requests to Plymouth Directory Watch.
[[32m  OK  [0m] Reached target Basic System.
%G%G[[32m  OK  [0m] Found device /dev/mapper/centos-root.
         Starting File System Check on /dev/mapper/centos-root...
[[32m  OK  [0m] Started File System Check on /dev/mapper/centos-root.
[[32m  OK  [0m] Started dracut initqueue hook.
         Mounting /sysroot...
[[32m  OK  [0m] Reached target Remote File Systems (Pre).
[[32m  OK  [0m] Reached target Remote File Systems.
[[32m  OK  [0m] Mounted /sysroot.
[[32m  OK  [0m] Reached target Initrd Root File System.
         Starting Reload Configuration from the Real Root...
[[32m  OK  [0m] Started Reload Configuration from the Real Root.
[[32m  OK  [0m] Reached target Initrd File Systems.
[[32m  OK  [0m] Reached target Initrd Default Target.
         Starting dracut pre-pivot and cleanup hook...
[[32m  OK  [0m] Started dracut pre-pivot and cleanup hook.
         Starting Cleaning Up and Shutting Down Daemons...
[[32m  OK  [0m] Stopped dracut pre-pivot and cleanup hook.
[[32m  OK  [0m] Stopped target Remote File Systems.
[[32m  OK  [0m] Stopped target Remote File Systems (Pre).
[[32m  OK  [0m] Stopped dracut initqueue hook.
         Starting Plymouth switch root service...
[[32m  OK  [0m] Stopped target Timers.
[[32m  OK  [0m] Stopped target Initrd Default Target.
[[32m  OK  [0m] Stopped target Basic System.
[[32m  OK  [0m] Stopped target Paths.
[[32m  OK  [0m] Stopped target Slices.
[[32m  OK  [0m] Stopped target System Initialization.
[[32m  OK  [0m] Stopped target Local File Systems.
         Stopping udev Kernel Device Manager...
[[32m  OK  [0m] Stopped udev Coldplug all Devices.
[[32m  OK  [0m] Stopped target Swap.
[[32m  OK  [0m] Stopped Apply Kernel Variables.
[[32m  OK  [0m] Stopped target Sockets.
[[32m  OK  [0m] Stopped udev Kernel Device Manager.
[[32m  OK  [0m] Stopped dracut pre-udev hook.
[[32m  OK  [0m] Stopped dracut cmdline hook.
[[32m  OK  [0m] Stopped Create Static Device Nodes in /dev.
[[32m  OK  [0m] Stopped Create list of required static device nodes for the current kernel.
[[32m  OK  [0m] Closed udev Control Socket.
[[32m  OK  [0m] Closed udev Kernel Socket.
         Starting Cleanup udevd DB...
[[32m  OK  [0m] Started Cleaning Up and Shutting Down Daemons.
[[32m  OK  [0m] Started Cleanup udevd DB.
[[32m  OK  [0m] Reached target Switch Root.
[[32m  OK  [0m] Started Plymouth switch root service.
         Starting Switch Root...

Welcome to [0;31mCentOS Linux 7 (Core)[0m!

[[32m  OK  [0m] Stopped Switch Root.
[[32m  OK  [0m] Stopped Journal Service.
         Starting Journal Service...
[[32m  OK  [0m] Started Forward Password Requests to Wall Directory Watch.
         Mounting Debug File System...
[[32m  OK  [0m] Listening on Device-mapper event daemon FIFOs.
[[32m  OK  [0m] Listening on LVM2 poll daemon socket.
[[32m  OK  [0m] Created slice User and Session Slice.
[[32m  OK  [0m] Created slice system-getty.slice.
[[32m  OK  [0m] Listening on LVM2 metadata daemon socket.
[[32m  OK  [0m] Set up automount Arbitrary Executable File Formats File System Automount Point.
         Starting Create list of required static device nodes for the current kernel...
[[32m  OK  [0m] Listening on udev Kernel Socket.
         Starting Monitoring of LVM2 mirrors, snapshots etc. using dmeventd or progress polling...
[[32m  OK  [0m] Reached target Local Encrypted Volumes.
[[32m  OK  [0m] Listening on Delayed Shutdown Socket.
[[32m  OK  [0m] Reached target Slices.
[[32m  OK  [0m] Listening on udev Control Socket.
         Starting Read and set NIS domainname from /etc/sysconfig/network...
[[32m  OK  [0m] Listening on /dev/initctl Compatibility Named Pipe.
         Mounting Huge Pages File System...
         Mounting POSIX Message Queue File System...
[[32m  OK  [0m] Created slice system-selinux\x2dpolicy\x2dmigrate\x2dlocal\x2dchanges.slice.
[[32m  OK  [0m] Stopped target Switch Root.
[[32m  OK  [0m] Stopped target Initrd File Systems.
[[32m  OK  [0m] Stopped target Initrd Root File System.
[[32m  OK  [0m] Reached target Paths.
[[32m  OK  [0m] Reached target Remote File Systems.
[[32m  OK  [0m] Stopped File System Check on Root Device.
         Starting Remount Root and Kernel File Systems...
         Starting Apply Kernel Variables...
[[32m  OK  [0m] Mounted Debug File System.
[[32m  OK  [0m] Mounted POSIX Message Queue File System.
[[32m  OK  [0m] Mounted Huge Pages File System.
[[32m  OK  [0m] Started Journal Service.
[[32m  OK  [0m] Started Create list of required static device nodes for the current kernel.
[[32m  OK  [0m] Started Read and set NIS domainname from /etc/sysconfig/network.
[[32m  OK  [0m] Started Remount Root and Kernel File Systems.
         Starting udev Coldplug all Devices...
         Starting Configure read-only root support...
         Starting Create Static Device Nodes in /dev...
         Starting Flush Journal to Persistent Storage...
[[32m  OK  [0m] Started Apply Kernel Variables.
[[32m  OK  [0m] Started LVM2 metadata daemon.
[[32m  OK  [0m] Started Flush Journal to Persistent Storage.
[[32m  OK  [0m] Started Configure read-only root support.
         Starting Load/Save Random Seed...
[[32m  OK  [0m] Started Load/Save Random Seed.
[[32m  OK  [0m] Started Create Static Device Nodes in /dev.
         Starting udev Kernel Device Manager...
[[32m  OK  [0m] Started udev Coldplug all Devices.
[[32m  OK  [0m] Started udev Kernel Device Manager.
%G%G[[32m  OK  [0m] Created slice system-lvm2\x2dpvscan.slice.
         Starting LVM2 PV scan on device 8:2...
[[32m  OK  [0m] Found device VMware_Virtual_S 1.
[[32m  OK  [0m] Created slice system-systemd\x2drfkill.slice.
         Starting Load/Save RF Kill Switch Status of rfkill0...
[[32m  OK  [0m] Reached target Bluetooth.
[[32m  OK  [0m] Started Load/Save RF Kill Switch Status of rfkill0.
[[32m  OK  [0m] Found device /dev/mapper/centos-swap.
         Activating swap /dev/mapper/centos-swap...
[[32m  OK  [0m] Started Monitoring of LVM2 mirrors, snapshots etc. using dmeventd or progress polling.
[[32m  OK  [0m] Reached target Local File Systems (Pre).
         Mounting /boot...
[[32m  OK  [0m] Activated swap /dev/mapper/centos-swap.
[[32m  OK  [0m] Reached target Swap.
[[32m  OK  [0m] Started LVM2 PV scan on device 8:2.
[[32m  OK  [0m] Mounted /boot.
[[32m  OK  [0m] Reached target Local File Systems.
         Starting Tell Plymouth To Write Out Runtime Data...
         Starting Import network configuration from initramfs...
[[32m  OK  [0m] Started Tell Plymouth To Write Out Runtime Data.
[[32m  OK  [0m] Started Import network configuration from initramfs.
         Starting Create Volatile Files and Directories...
[[32m  OK  [0m] Started Create Volatile Files and Directories.
         Starting Security Auditing Service...
[[32m  OK  [0m] Started Security Auditing Service.
         Starting Update UTMP about System Boot/Shutdown...
[[32m  OK  [0m] Started Update UTMP about System Boot/Shutdown.
[[32m  OK  [0m] Reached target System Initialization.
[[32m  OK  [0m] Started Daily Cleanup of Temporary Directories.
[[32m  OK  [0m] Reached target Timers.
[[32m  OK  [0m] Listening on D-Bus System Message Bus Socket.
[[32m  OK  [0m] Reached target Sockets.
[[32m  OK  [0m] Reached target Basic System.
         Starting Permit User Sessions...
         Starting Authorization Manager...
         Starting Login Service...
         Starting NTP client/server...
[[32m  OK  [0m] Started irqbalance daemon.
         Starting Dump dmesg to /var/log/dmesg...
[[32m  OK  [0m] Started D-Bus System Message Bus.
[[32m  OK  [0m] Started Permit User Sessions.
[[32m  OK  [0m] Started Dump dmesg to /var/log/dmesg.
[[32m  OK  [0m] Started Command Scheduler.
         Starting Wait for Plymouth Boot Screen to Quit...
         Starting Terminate Plymouth Boot Screen...
[[32m  OK  [0m] Started NTP client/server.
[[32m  OK  [0m] Started Login Service.
[[32m  OK  [0m] Reached target Sound Card.
[[32m  OK  [0m] Started Show Plymouth Boot Screen.
[[32m  OK  [0m] Reached target Paths.
[[32m  OK  [0m] Started Forward Password Requests to Plymouth Directory Watch.
[[32m  OK  [0m] Reached target Basic System.
%G%G[[32m  OK  [0m] Found device /dev/mapper/centos-root.
         Starting File System Check on /dev/mapper/centos-root...
[[32m  OK  [0m] Started File System Check on /dev/mapper/centos-root.
[[32m  OK  [0m] Started dracut initqueue hook.
         Mounting /sysroot...
[[32m  OK  [0m] Reached target Remote File Systems (Pre).
[[32m  OK  [0m] Reached target Remote File Systems.
[[32m  OK  [0m] Mounted /sysroot.
[[32m  OK  [0m] Reached target Initrd Root File System.
         Starting Reload Configuration from the Real Root...
[[32m  OK  [0m] Started Reload Configuration from the Real Root.
[[32m  OK  [0m] Reached target Initrd File Systems.
[[32m  OK  [0m] Reached target Initrd Default Target.
         Starting dracut pre-pivot and cleanup hook...
[[32m  OK  [0m] Started dracut pre-pivot and cleanup hook.
         Starting Cleaning Up and Shutting Down Daemons...
         Starting Plymouth switch root service...
[[32m  OK  [0m] Stopped target Timers.
[[32m  OK  [0m] Stopped dracut pre-pivot and cleanup hook.
[[32m  OK  [0m] Stopped target Initrd Default Target.
[[32m  OK  [0m] Stopped target Basic System.
[[32m  OK  [0m] Stopped target System Initialization.
[[32m  OK  [0m] Stopped target Local File Systems.
[[32m  OK  [0m] Stopped Apply Kernel Variables.
         Stopping udev Kernel Device Manager...
[[32m  OK  [0m] Stopped target Swap.
[[32m  OK  [0m] Stopped target Paths.
[[32m  OK  [0m] Stopped target Slices.
[[32m  OK  [0m] Stopped target Sockets.
[[32m  OK  [0m] Stopped target Remote File Systems.
[[32m  OK  [0m] Stopped target Remote File Systems (Pre).
[[32m  OK  [0m] Stopped dracut initqueue hook.
[[32m  OK  [0m] Stopped udev Coldplug all Devices.
[[32m  OK  [0m] Stopped udev Kernel Device Manager.
[[32m  OK  [0m] Stopped Create Static Device Nodes in /dev.
[[32m  OK  [0m] Stopped Create list of required static device nodes for the current kernel.
[[32m  OK  [0m] Stopped dracut pre-udev hook.
[[32m  OK  [0m] Stopped dracut cmdline hook.
[[32m  OK  [0m] Closed udev Control Socket.
[[32m  OK  [0m] Closed udev Kernel Socket.
         Starting Cleanup udevd DB...
[[32m  OK  [0m] Started Cleaning Up and Shutting Down Daemons.
[[32m  OK  [0m] Started Cleanup udevd DB.
[[32m  OK  [0m] Reached target Switch Root.
[[32m  OK  [0m] Started Plymouth switch root service.
         Starting Switch Root...

Welcome to [0;31mCentOS Linux 7 (Core)[0m!

[[32m  OK  [0m] Stopped Switch Root.
[[32m  OK  [0m] Stopped Journal Service.
         Starting Journal Service...
         Mounting POSIX Message Queue File System...
[[32m  OK  [0m] Listening on LVM2 poll daemon socket.
[[32m  OK  [0m] Created slice system-selinux\x2dpolicy\x2dmigrate\x2dlocal\x2dchanges.slice.
[[32m  OK  [0m] Stopped target Switch Root.
[[32m  OK  [0m] Created slice User and Session Slice.
[[32m  OK  [0m] Listening on LVM2 metadata daemon socket.
[[32m  OK  [0m] Stopped target Initrd Root File System.
[[32m  OK  [0m] Reached target Slices.
         Starting Read and set NIS domainname from /etc/sysconfig/network...
[[32m  OK  [0m] Set up automount Arbitrary Executable File Formats File System Automount Point.
         Starting Create list of required static device nodes for the current kernel...
[[32m  OK  [0m] Listening on Device-mapper event daemon FIFOs.
         Starting Monitoring of LVM2 mirrors, snapshots etc. using dmeventd or progress polling...
[[32m  OK  [0m] Listening on udev Kernel Socket.
[[32m  OK  [0m] Created slice system-getty.slice.
[[32m  OK  [0m] Listening on /dev/initctl Compatibility Named Pipe.
[[32m  OK  [0m] Stopped File System Check on Root Device.
[[32m  OK  [0m] Stopped target Initrd File Systems.
         Mounting Debug File System...
         Mounting Huge Pages File System...
         Starting Apply Kernel Variables...
         Starting Remount Root and Kernel File Systems...
[[32m  OK  [0m] Listening on Delayed Shutdown Socket.
[[32m  OK  [0m] Started Forward Password Requests to Wall Directory Watch.
[[32m  OK  [0m] Reached target Paths.
[[32m  OK  [0m] Listening on udev Control Socket.
[[32m  OK  [0m] Mounted POSIX Message Queue File System.
[[32m  OK  [0m] Started Journal Service.
[[32m  OK  [0m] Mounted Debug File System.
[[32m  OK  [0m] Started Read and set NIS domainname from /etc/sysconfig/network.
[[32m  OK  [0m] Started Create list of required static device nodes for the current kernel.
[[32m  OK  [0m] Mounted Huge Pages File System.
[[32m  OK  [0m] Started Remount Root and Kernel File Systems.
[[32m  OK  [0m] Started Apply Kernel Variables.
         Starting Configure read-only root support...
         Starting udev Coldplug all Devices...
         Starting Create Static Device Nodes in /dev...
         Starting Flush Journal to Persistent Storage...
[[32m  OK  [0m] Started LVM2 metadata daemon.
[[32m  OK  [0m] Started Flush Journal to Persistent Storage.
[[32m  OK  [0m] Started Create Static Device Nodes in /dev.
         Starting udev Kernel Device Manager...
[[32m  OK  [0m] Started Configure read-only root support.
         Starting Load/Save Random Seed...
[[32m  OK  [0m] Started Load/Save Random Seed.
[[32m  OK  [0m] Started udev Kernel Device Manager.
[[32m  OK  [0m] Started udev Coldplug all Devices.
         Starting udev Wait for Complete Device Initialization...
[[32m  OK  [0m] Created slice system-lvm2\x2dpvscan.slice.
         Starting LVM2 PV scan on device 8:2...
[[32m  OK  [0m] Found device VMware_Virtual_S 1.
[[32m  OK  [0m] Started Monitoring of LVM2 mirrors, snapshots etc. using dmeventd or progress polling.
[[32m  OK  [0m] Reached target Local File Systems (Pre).
         Mounting /boot...
%G%G[[32m  OK  [0m] Found device /dev/mapper/centos-swap.
[[32m  OK  [0m] Created slice system-systemd\x2drfkill.slice.
         Starting Load/Save RF Kill Switch Status of rfkill0...
         Activating swap /dev/mapper/centos-swap...
[[32m  OK  [0m] Started Load/Save RF Kill Switch Status of rfkill0.
[[32m  OK  [0m] Activated swap /dev/mapper/centos-swap.
[[32m  OK  [0m] Reached target Swap.
[[32m  OK  [0m] Mounted /boot.
[[32m  OK  [0m] Reached target Sound Card.
[[32m  OK  [0m] Started LVM2 PV scan on device 8:2.
[[32m  OK  [0m] Started udev Wait for Complete Device Initialization.
         Starting Activation of DM RAID sets...
[[32m  OK  [0m] Started Activation of DM RAID sets.
[[32m  OK  [0m] Reached target Local Encrypted Volumes.
[[32m  OK  [0m] Reached target Local File Systems.
         Starting Import network configuration from initramfs...
         Starting Tell Plymouth To Write Out Runtime Data...
[[32m  OK  [0m] Started Tell Plymouth To Write Out Runtime Data.
[[32m  OK  [0m] Started Import network configuration from initramfs.
         Starting Create Volatile Files and Directories...
[[32m  OK  [0m] Started Create Volatile Files and Directories.
         Starting Security Auditing Service...
[[32m  OK  [0m] Started Security Auditing Service.
         Starting Update UTMP about System Boot/Shutdown...
[[32m  OK  [0m] Started Update UTMP about System Boot/Shutdown.
[[32m  OK  [0m] Reached target System Initialization.
[[32m  OK  [0m] Listening on D-Bus System Message Bus Socket.
[[32m  OK  [0m] Started Daily Cleanup of Temporary Directories.
[[32m  OK  [0m] Reached target Timers.
[[32m  OK  [0m] Listening on Open-iSCSI iscsid Socket.
[[32m  OK  [0m] Listening on Open-iSCSI iscsiuio Socket.
[[32m  OK  [0m] Reached target Sockets.
[[32m  OK  [0m] Reached target Basic System.
         Starting NTP client/server...
[[32m  OK  [0m] Started D-Bus System Message Bus.
         Starting Authorization Manager...
[[32m  OK  [0m] Reached target Login Prompts (Pre).
         Starting Dump dmesg to /var/log/dmesg...
         Starting Bluetooth service...
[[32m  OK  [0m] Started irqbalance daemon.
         Starting Login Service...
[[32m  OK  [0m] Started Bluetooth service.
[[32m  OK  [0m] Reached target Bluetooth.
[[32m  OK  [0m] Started Login Service.
[[32m  OK  [0m] Started NTP client/server.
[[32m  OK  [0m] Started Dump dmesg to /var/log/dmesg.
         Starting Hostname Service...
[[32m  OK  [0m] Started Authorization Manager.
[[32m  OK  [0m] Started Hostname Service.
         Starting firewalld - dynamic firewall daemon...
[[32m  OK  [0m] Started firewalld - dynamic firewall daemon.
[[32m  OK  [0m] Reached target Network (Pre).
         Starting Network Manager...
[[32m  OK  [0m] Started Network Manager.
         Starting Network Manager Wait Online...
         Starting Network Manager Script Dispatcher Service...
[[32m  OK  [0m] Started Network Manager Script Dispatcher Service.
[[32m  OK  [0m] Started Network Manager Wait Online.
         Starting LSB: Bring up/down networking...
[[32m  OK  [0m] Started LSB: Bring up/down networking.
[[32m  OK  [0m] Reached target Network.
         Starting Dynamic System Tuning Daemon...
         Starting Postfix Mail Transport Agent...
         Starting Logout off all iSCSI sessions on shutdown...
         Starting OpenSSH server daemon...
[[32m  OK  [0m] Reached target Network is Online.
         Starting System Logging Service...
[[32m  OK  [0m] Started Logout off all iSCSI sessions on shutdown.
         Starting Availability of block devices...
[[32m  OK  [0m] Reached target Remote File Systems (Pre).
[[32m  OK  [0m] Reached target Remote File Systems.
         Starting Crash recovery kernel arming...
         Starting Permit User Sessions...
[[32m  OK  [0m] Started Availability of block devices.
[[32m  OK  [0m] Started System Logging Service.
[[32m  OK  [0m] Started Permit User Sessions.
[[32m  OK  [0m] Started Getty on tty1.
[[32m  OK  [0m] Reached target Login Prompts.
         Starting Terminate Plymouth Boot Screen...
[[32m  OK  [0m] Started Command Scheduler.
[[32m  OK  [0m] Started OpenSSH server daemon.
